Arguments: 
  /home/tetris/.nvm/versions/node/v16.13.2/bin/node /usr/share/yarn/bin/yarn.js install

PATH: 
  /home/tetris/.nvm/versions/node/v16.13.2/bin:/usr/local/sbin:/usr/local/bin:/usr/sbin:/usr/bin:/sbin:/bin:/usr/games:/usr/local/games:/snap/bin:/home/tetris/Android/Sdk/tools:/home/tetris/Android/Sdk/tools/bin:/home/tetris/Android/Sdk/platform-tools:/home/tetris/.config/composer/vendor/bin

Yarn version: 
  1.21.1

Node version: 
  16.13.2

Platform: 
  linux x64

Trace: 
  SyntaxError: /mnt/987791c9-5ed1-4d69-a313-afb260440e53/projetos/vuejscomponents/laravel-zipcode/package.json: Unexpected token } in JSON at position 547
      at JSON.parse (<anonymous>)
      at /usr/share/yarn/lib/cli.js:1625:59
      at Generator.next (<anonymous>)
      at step (/usr/share/yarn/lib/cli.js:310:30)
      at /usr/share/yarn/lib/cli.js:321:13

npm manifest: 
  {
    "private": true,
    "scripts": {
      "dev": "npm run development",
      "development": "mix",
      "watch": "mix watch",
      "watch-poll": "mix watch -- --watch-options-poll=1000",
      "hot": "mix watch --hot",
      "prod": "npm run production",
      "production": "mix --production"
    },
    "dependencies": {
      "axios": "^0.15.3",
      "bootstrap": "^4.0.0",
      "jquery": "^3.1.0",
      "lodash": "^4.16.2",
      "vue": "^2.5.17",
      "vue-select": "^3.11.2",
      "vue-toasted": "^1.1.28"
    },
    "devDependencies": {
      "laravel-mix": "^6.0.6",
    }
  }

yarn manifest: 
  No manifest

Lockfile: 
  No lockfile
